[INFO ] 2024-06-06 18:43:19.217 [main] DDFramework - URL Opened
[INFO ] 2024-06-06 18:43:19.249 [main] DDFramework - VerifyLogin test case excuetion started
[INFO ] 2024-06-06 18:43:20.081 [main] DDFramework - clicked on sign in button
[INFO ] 2024-06-06 18:43:20.196 [main] DDFramework - Entered email address
[INFO ] 2024-06-06 18:43:20.277 [main] DDFramework - Entered Password
[INFO ] 2024-06-06 18:43:21.180 [main] DDFramework - Verify login - Passed
[INFO ] 2024-06-06 18:57:54.454 [main] DDFramework - URL Opened
[INFO ] 2024-06-06 18:57:54.477 [main] DDFramework - VerifyLogin test case excuetion started
[INFO ] 2024-06-06 18:57:55.329 [main] DDFramework - clicked on sign in button
[INFO ] 2024-06-06 18:57:55.430 [main] DDFramework - Entered email address
[INFO ] 2024-06-06 18:57:55.513 [main] DDFramework - Entered Password
[INFO ] 2024-06-06 18:57:56.458 [main] DDFramework - Verify login - Passed
[INFO ] 2024-06-06 19:00:15.743 [main] DDFramework - URL Opened
[INFO ] 2024-06-06 19:00:15.772 [main] DDFramework - VerifyLogin test case excuetion started
[INFO ] 2024-06-06 19:00:17.321 [main] DDFramework - clicked on sign in button
[INFO ] 2024-06-06 19:00:17.420 [main] DDFramework - Entered email address
[INFO ] 2024-06-06 19:00:17.499 [main] DDFramework - Entered Password
[INFO ] 2024-06-06 19:00:19.230 [main] DDFramework - Verify login - Passed
[INFO ] 2024-06-06 19:04:10.567 [main] DDFramework - URL Opened
[INFO ] 2024-06-06 19:04:10.596 [main] DDFramework - VerifyLogin test case excuetion started
[INFO ] 2024-06-06 19:04:11.507 [main] DDFramework - clicked on sign in button
[INFO ] 2024-06-06 19:04:11.607 [main] DDFramework - Entered email address
[INFO ] 2024-06-06 19:04:11.693 [main] DDFramework - Entered Password
[INFO ] 2024-06-06 19:04:12.582 [main] DDFramework - Verify login - Passed
[INFO ] 2024-06-06 19:06:35.649 [main] DDFramework - URL Opened
[INFO ] 2024-06-06 19:06:35.682 [main] DDFramework - VerifyLogin test case excuetion started
[INFO ] 2024-06-06 19:06:36.558 [main] DDFramework - clicked on sign in button
[INFO ] 2024-06-06 19:06:36.667 [main] DDFramework - Entered email address
[INFO ] 2024-06-06 19:06:36.752 [main] DDFramework - Entered Password
[INFO ] 2024-06-06 19:06:37.634 [main] DDFramework - Verify login - Passed
[INFO ] 2024-06-06 19:13:48.614 [main] DDFramework - URL Opened
[INFO ] 2024-06-06 19:13:48.647 [main] DDFramework - VerifyLogin test case excuetion started
[INFO ] 2024-06-06 19:13:49.487 [main] DDFramework - clicked on sign in button
[INFO ] 2024-06-06 19:13:49.600 [main] DDFramework - Entered email address
[INFO ] 2024-06-06 19:13:49.699 [main] DDFramework - Entered Password
[INFO ] 2024-06-06 19:13:50.640 [main] DDFramework - Verify login - Passed
[INFO ] 2024-06-06 19:29:33.019 [main] DDFramework - URL Opened
[INFO ] 2024-06-06 19:29:33.050 [main] DDFramework - VerifyLogin test case excuetion started
[INFO ] 2024-06-06 19:29:34.011 [main] DDFramework - clicked on sign in button
[INFO ] 2024-06-06 19:29:34.115 [main] DDFramework - Entered email address
[INFO ] 2024-06-06 19:29:34.201 [main] DDFramework - Entered Password
[INFO ] 2024-06-06 19:29:35.204 [main] DDFramework - Verify login - Passed
[INFO ] 2024-06-06 19:40:19.795 [main] DDFramework - URL Opened
[INFO ] 2024-06-06 19:40:19.819 [main] DDFramework - VerifyLogin test case excuetion started
[INFO ] 2024-06-06 19:40:20.661 [main] DDFramework - clicked on sign in button
[INFO ] 2024-06-06 19:40:20.762 [main] DDFramework - Entered email address
[INFO ] 2024-06-06 19:40:20.844 [main] DDFramework - Entered Password
[INFO ] 2024-06-06 19:40:22.482 [main] DDFramework - Verify login - Passed
[INFO ] 2024-06-06 19:50:40.320 [main] DDFramework - URL Opened
[INFO ] 2024-06-06 19:50:40.348 [main] DDFramework - VerifyLogin test case excuetion started
[INFO ] 2024-06-06 19:50:41.264 [main] DDFramework - clicked on sign in button
[INFO ] 2024-06-06 19:50:41.359 [main] DDFramework - Entered email address
[INFO ] 2024-06-06 19:50:41.439 [main] DDFramework - Entered Password
[INFO ] 2024-06-06 19:50:42.355 [main] DDFramework - Verify login - Passed
[INFO ] 2024-06-06 19:51:37.634 [main] DDFramework - URL Opened
[INFO ] 2024-06-06 19:51:37.659 [main] DDFramework - VerifyLogin test case excuetion started
[INFO ] 2024-06-06 19:51:38.695 [main] DDFramework - clicked on sign in button
[INFO ] 2024-06-06 19:51:38.752 [main] DDFramework - Entered email address
[INFO ] 2024-06-06 19:51:38.774 [main] DDFramework - Entered Password
[INFO ] 2024-06-06 19:51:39.770 [main] DDFramework - Verify login - Passed
[INFO ] 2024-06-06 19:53:09.245 [main] DDFramework - URL Opened
[INFO ] 2024-06-06 19:53:09.279 [main] DDFramework - VerifyLogin test case excuetion started
[INFO ] 2024-06-06 19:53:10.168 [main] DDFramework - clicked on sign in button
[INFO ] 2024-06-06 19:53:10.267 [main] DDFramework - Entered email address
[INFO ] 2024-06-06 19:53:10.356 [main] DDFramework - Entered Password
[INFO ] 2024-06-06 19:53:11.372 [main] DDFramework - Verify login - Passed
[INFO ] 2024-06-06 19:56:33.594 [main] DDFramework - URL Opened
[INFO ] 2024-06-06 19:56:33.623 [main] DDFramework - VerifyLogin test case excuetion started
[INFO ] 2024-06-06 19:56:34.599 [main] DDFramework - clicked on sign in button
[INFO ] 2024-06-06 19:56:34.705 [main] DDFramework - Entered email address
[INFO ] 2024-06-06 19:56:34.797 [main] DDFramework - Entered Password
[INFO ] 2024-06-06 19:56:35.801 [main] DDFramework - Verify login - Passed
[INFO ] 2024-06-06 20:04:19.527 [main] DDFramework - URL Opened
[INFO ] 2024-06-06 20:04:20.541 [main] DDFramework - clicked on sign in button
[INFO ] 2024-06-06 20:04:20.646 [main] DDFramework - Entered email address
[INFO ] 2024-06-06 20:04:20.720 [main] DDFramework - clicked on sumbit
[INFO ] 2024-06-06 20:04:22.419 [main] DDFramework - Entered Account customer details
[INFO ] 2024-06-06 20:05:46.090 [main] DDFramework - URL Opened
[INFO ] 2024-06-06 20:05:47.119 [main] DDFramework - clicked on sign in button
[INFO ] 2024-06-06 20:05:47.216 [main] DDFramework - Entered email address
[INFO ] 2024-06-06 20:05:47.289 [main] DDFramework - clicked on sumbit
[INFO ] 2024-06-06 20:05:49.085 [main] DDFramework - Entered Account customer details
[INFO ] 2024-06-06 20:07:45.426 [main] DDFramework - URL Opened
[INFO ] 2024-06-06 20:07:46.345 [main] DDFramework - clicked on sign in button
[INFO ] 2024-06-06 20:07:46.446 [main] DDFramework - Entered email address
[INFO ] 2024-06-06 20:07:46.515 [main] DDFramework - clicked on sumbit
[INFO ] 2024-06-06 20:07:53.970 [main] DDFramework - Entered Account customer details
[INFO ] 2024-06-06 20:07:54.010 [main] DDFramework - Verify Regiter User Name
[INFO ] 2024-06-06 20:23:37.085 [main] DDFramework - URL Opened
[INFO ] 2024-06-06 20:23:38.089 [main] DDFramework - clicked on sign in button
[INFO ] 2024-06-06 20:23:38.193 [main] DDFramework - Entered email address
[INFO ] 2024-06-06 20:23:38.264 [main] DDFramework - clicked on sumbit
[INFO ] 2024-06-06 20:24:25.037 [main] DDFramework - URL Opened
[INFO ] 2024-06-06 20:24:26.113 [main] DDFramework - clicked on sign in button
[INFO ] 2024-06-06 20:24:26.207 [main] DDFramework - Entered email address
[INFO ] 2024-06-06 20:24:26.284 [main] DDFramework - clicked on sumbit
[INFO ] 2024-06-06 20:24:33.805 [main] DDFramework - Entered Account customer details
[INFO ] 2024-06-06 20:24:33.861 [main] DDFramework - Verify Regiter User Name
[INFO ] 2024-06-06 20:26:22.448 [main] DDFramework - URL Opened
[INFO ] 2024-06-06 20:26:22.474 [main] DDFramework - VerifyLogin test case excuetion started
[INFO ] 2024-06-06 20:26:23.323 [main] DDFramework - clicked on sign in button
[INFO ] 2024-06-06 20:26:23.421 [main] DDFramework - Entered email address
[INFO ] 2024-06-06 20:26:23.513 [main] DDFramework - Entered Password
[INFO ] 2024-06-06 20:26:24.647 [main] DDFramework - Verify login - Failed
[INFO ] 2024-06-06 20:30:49.947 [main] DDFramework - URL Opened
[INFO ] 2024-06-06 20:30:49.972 [main] DDFramework - VerifyLogin test case excuetion started
[INFO ] 2024-06-06 20:30:50.904 [main] DDFramework - clicked on sign in button
[INFO ] 2024-06-06 20:30:51.000 [main] DDFramework - Entered email address
[INFO ] 2024-06-06 20:30:51.100 [main] DDFramework - Entered Password
[INFO ] 2024-06-06 20:30:52.163 [main] DDFramework - Verify login - Passed
[INFO ] 2024-06-06 20:43:07.546 [main] DDFramework - URL Opened
[INFO ] 2024-06-06 20:43:07.579 [main] DDFramework - VerifyLogin test case excuetion started
[INFO ] 2024-06-06 20:44:36.390 [main] DDFramework - URL Opened
[INFO ] 2024-06-06 20:44:36.458 [main] DDFramework - VerifyLogin test case excuetion started
[INFO ] 2024-06-06 20:44:37.900 [main] DDFramework - clicked on sign in button
[INFO ] 2024-06-06 20:44:38.028 [main] DDFramework - Entered email address
[INFO ] 2024-06-06 20:44:38.126 [main] DDFramework - Entered Password
[INFO ] 2024-06-06 20:44:39.711 [main] DDFramework - Verify login - Passed
[INFO ] 2024-06-06 20:54:41.673 [main] DDFramework - URL Opened
[INFO ] 2024-06-06 20:54:41.753 [main] DDFramework - VerifyLogin test case excuetion started
[INFO ] 2024-06-06 20:54:42.983 [main] DDFramework - clicked on sign in button
[INFO ] 2024-06-06 20:54:43.110 [main] DDFramework - Entered email address
[INFO ] 2024-06-06 20:54:43.210 [main] DDFramework - Entered Password
[INFO ] 2024-06-06 20:54:44.784 [main] DDFramework - Verify login - Passed
[INFO ] 2024-06-06 20:57:05.510 [main] DDFramework - URL Opened
[INFO ] 2024-06-06 20:57:05.569 [main] DDFramework - VerifyLogin test case excuetion started
[INFO ] 2024-06-06 20:57:08.195 [main] DDFramework - clicked on sign in button
[INFO ] 2024-06-06 20:57:08.295 [main] DDFramework - Entered email address
[INFO ] 2024-06-06 20:57:08.394 [main] DDFramework - Entered Password
[INFO ] 2024-06-06 20:57:10.281 [main] DDFramework - Verify login - Passed
[INFO ] 2024-06-06 21:02:51.771 [main] DDFramework - URL Opened
[INFO ] 2024-06-06 21:02:51.802 [main] DDFramework - VerifyLogin test case excuetion started
[INFO ] 2024-06-06 21:04:10.712 [main] DDFramework - URL Opened
[INFO ] 2024-06-06 21:04:10.762 [main] DDFramework - VerifyLogin test case excuetion started
[INFO ] 2024-06-06 21:04:12.089 [main] DDFramework - clicked on sign in button
[INFO ] 2024-06-06 21:04:12.201 [main] DDFramework - Entered email address
[INFO ] 2024-06-06 21:04:12.297 [main] DDFramework - Entered Password
[INFO ] 2024-06-06 21:04:13.581 [main] DDFramework - Verify login - Passed
[INFO ] 2024-06-06 21:17:43.104 [main] DDFramework - URL Opened
[INFO ] 2024-06-06 21:17:43.149 [main] DDFramework - VerifyLogin test case excuetion started
[INFO ] 2024-06-06 21:17:44.499 [main] DDFramework - clicked on sign in button
[INFO ] 2024-06-06 21:17:44.594 [main] DDFramework - Entered email address
[INFO ] 2024-06-06 21:17:44.674 [main] DDFramework - Entered Password
[INFO ] 2024-06-06 21:17:45.760 [main] DDFramework - Verify login - Failed
[INFO ] 2024-06-06 21:19:15.180 [main] DDFramework - URL Opened
[INFO ] 2024-06-06 21:19:15.213 [main] DDFramework - VerifyLogin test case excuetion started
[INFO ] 2024-06-06 21:19:16.212 [main] DDFramework - clicked on sign in button
[INFO ] 2024-06-06 21:19:16.302 [main] DDFramework - Entered email address
[INFO ] 2024-06-06 21:19:16.385 [main] DDFramework - Entered Password
[INFO ] 2024-06-06 21:19:17.404 [main] DDFramework - Verify login - Failed
[INFO ] 2024-06-06 21:19:59.859 [main] DDFramework - URL Opened
[INFO ] 2024-06-06 21:19:59.890 [main] DDFramework - VerifyLogin test case excuetion started
[INFO ] 2024-06-06 21:20:01.418 [main] DDFramework - clicked on sign in button
[INFO ] 2024-06-06 21:20:01.513 [main] DDFramework - Entered email address
[INFO ] 2024-06-06 21:20:01.582 [main] DDFramework - Entered Password
[INFO ] 2024-06-06 21:20:02.751 [main] DDFramework - Verify login - Failed
[INFO ] 2024-06-06 21:21:00.060 [main] DDFramework - URL Opened
[INFO ] 2024-06-06 21:21:00.085 [main] DDFramework - VerifyLogin test case excuetion started
[INFO ] 2024-06-06 21:21:01.618 [main] DDFramework - clicked on sign in button
[INFO ] 2024-06-06 21:21:01.746 [main] DDFramework - Entered email address
[INFO ] 2024-06-06 21:21:01.823 [main] DDFramework - Entered Password
[INFO ] 2024-06-06 21:21:02.832 [main] DDFramework - Verify login - Passed
[INFO ] 2024-06-06 21:40:30.590 [main] DDFramework - URL Opened
[INFO ] 2024-06-06 21:40:30.614 [main] DDFramework - VerifyLogin test case excuetion started
[INFO ] 2024-06-06 21:41:27.123 [main] DDFramework - URL Opened
[INFO ] 2024-06-06 21:41:27.157 [main] DDFramework - VerifyLogin test case excuetion started
[INFO ] 2024-06-06 21:44:00.860 [main] DDFramework - URL Opened
[INFO ] 2024-06-06 21:44:00.927 [main] DDFramework - VerifyLogin test case excuetion started
[INFO ] 2024-06-06 21:44:02.095 [main] DDFramework - clicked on sign in button
[INFO ] 2024-06-06 21:44:02.216 [main] DDFramework - Entered email address
[INFO ] 2024-06-06 21:44:02.354 [main] DDFramework - Entered Password
[INFO ] 2024-06-06 21:44:03.418 [main] DDFramework - Verify login - Passed
[INFO ] 2024-06-06 22:00:53.170 [main] DDFramework - URL Opened
[INFO ] 2024-06-06 22:00:53.248 [main] DDFramework - VerifyLogin test case excuetion started
[INFO ] 2024-06-06 22:00:54.544 [main] DDFramework - clicked on sign in button
[INFO ] 2024-06-06 22:00:54.653 [main] DDFramework - Entered email address
[INFO ] 2024-06-06 22:00:54.760 [main] DDFramework - Entered Password
[INFO ] 2024-06-06 22:00:56.280 [main] DDFramework - Verify login - Passed
[INFO ] 2024-06-06 22:01:36.986 [main] DDFramework - URL Opened
[INFO ] 2024-06-06 22:01:37.057 [main] DDFramework - VerifyLogin test case excuetion started
[INFO ] 2024-06-06 22:01:38.173 [main] DDFramework - clicked on sign in button
[INFO ] 2024-06-06 22:01:38.289 [main] DDFramework - Entered email address
[INFO ] 2024-06-06 22:01:38.385 [main] DDFramework - Entered Password
[INFO ] 2024-06-06 22:01:39.513 [main] DDFramework - Verify login - Failed
[INFO ] 2024-06-06 22:07:57.572 [main] DDFramework - URL Opened
[INFO ] 2024-06-06 22:07:57.641 [main] DDFramework - VerifyLogin test case excuetion started
[INFO ] 2024-06-06 22:07:58.798 [main] DDFramework - clicked on sign in button
[INFO ] 2024-06-06 22:07:58.927 [main] DDFramework - Entered email address
[INFO ] 2024-06-06 22:07:59.033 [main] DDFramework - Entered Password
[INFO ] 2024-06-06 22:08:00.425 [main] DDFramework - Verify login - Failed
[INFO ] 2024-06-06 23:34:20.760 [main] DDFramework - URL Opened
[INFO ] 2024-06-06 23:34:20.819 [main] DDFramework - VerifyLogin test case excuetion started
[INFO ] 2024-06-06 23:34:22.138 [main] DDFramework - clicked on sign in button
[INFO ] 2024-06-06 23:34:22.326 [main] DDFramework - Entered email address
[INFO ] 2024-06-06 23:34:22.433 [main] DDFramework - Entered Password
[INFO ] 2024-06-06 23:34:23.499 [main] DDFramework - Verify login - Failed
[INFO ] 2024-06-06 23:35:12.542 [main] DDFramework - URL Opened
[INFO ] 2024-06-06 23:35:13.779 [main] DDFramework - clicked on sign in button
[INFO ] 2024-06-06 23:35:13.967 [main] DDFramework - Entered email address
[INFO ] 2024-06-06 23:35:14.071 [main] DDFramework - clicked on sumbit
[INFO ] 2024-06-06 23:36:43.887 [main] DDFramework - URL Opened
[INFO ] 2024-06-06 23:36:45.030 [main] DDFramework - clicked on sign in button
[INFO ] 2024-06-06 23:36:45.215 [main] DDFramework - Entered email address
[INFO ] 2024-06-06 23:36:45.315 [main] DDFramework - clicked on sumbit
[INFO ] 2024-06-06 23:36:53.660 [main] DDFramework - Entered Account customer details
[INFO ] 2024-06-06 23:36:53.704 [main] DDFramework - Verify Regiter User Name
[INFO ] 2024-06-06 23:38:18.964 [main] DDFramework - URL Opened
[INFO ] 2024-06-06 23:38:19.027 [main] DDFramework - VerifyLogin test case excuetion started
[INFO ] 2024-06-06 23:38:20.283 [main] DDFramework - clicked on sign in button
[INFO ] 2024-06-06 23:38:20.431 [main] DDFramework - Entered email address
[INFO ] 2024-06-06 23:38:20.534 [main] DDFramework - Entered Password
[INFO ] 2024-06-06 23:38:21.621 [main] DDFramework - Verify login - Failed
[INFO ] 2024-06-07 00:24:51.044 [main] DDFramework - URL Opened
[INFO ] 2024-06-07 00:24:51.108 [main] DDFramework - VerifyLogin test case excuetion started
[INFO ] 2024-06-07 00:24:52.238 [main] DDFramework - clicked on sign in button
[INFO ] 2024-06-07 00:24:52.349 [main] DDFramework - Entered email address
[INFO ] 2024-06-07 00:24:52.446 [main] DDFramework - Entered Password
[INFO ] 2024-06-07 00:24:53.665 [main] DDFramework - Verify login - Failed
[INFO ] 2024-06-07 00:29:15.739 [main] DDFramework - URL Opened
[INFO ] 2024-06-07 00:29:15.797 [main] DDFramework - VerifyLogin test case excuetion started
[INFO ] 2024-06-07 00:29:17.394 [main] DDFramework - clicked on sign in button
[INFO ] 2024-06-07 00:29:17.502 [main] DDFramework - Entered email address
[INFO ] 2024-06-07 00:29:17.603 [main] DDFramework - Entered Password
[INFO ] 2024-06-07 03:27:10.035 [main] DDFramework - URL Opened
[DEBUG] 2024-06-07 03:27:10.187 [main] PackageRelationshipCollection - Parsing relationship: /xl/_rels/workbook.xml.rels
[DEBUG] 2024-06-07 03:27:10.191 [main] PackageRelationshipCollection - Parsing relationship: /xl/worksheets/_rels/sheet1.xml.rels
[DEBUG] 2024-06-07 03:27:10.193 [main] PackageRelationshipCollection - Parsing relationship: /_rels/.rels
[DEBUG] 2024-06-07 03:27:10.684 [main] PackageRelationshipCollection - Parsing relationship: /xl/_rels/workbook.xml.rels
[DEBUG] 2024-06-07 03:27:10.685 [main] PackageRelationshipCollection - Parsing relationship: /xl/worksheets/_rels/sheet1.xml.rels
[DEBUG] 2024-06-07 03:27:10.687 [main] PackageRelationshipCollection - Parsing relationship: /_rels/.rels
[INFO ] 2024-06-07 03:28:41.181 [main] DDFramework - URL Opened
[DEBUG] 2024-06-07 03:28:41.324 [main] PackageRelationshipCollection - Parsing relationship: /xl/_rels/workbook.xml.rels
[DEBUG] 2024-06-07 03:28:41.326 [main] PackageRelationshipCollection - Parsing relationship: /xl/worksheets/_rels/sheet1.xml.rels
[DEBUG] 2024-06-07 03:28:41.327 [main] PackageRelationshipCollection - Parsing relationship: /_rels/.rels
[DEBUG] 2024-06-07 03:28:41.795 [main] PackageRelationshipCollection - Parsing relationship: /xl/_rels/workbook.xml.rels
[DEBUG] 2024-06-07 03:28:41.796 [main] PackageRelationshipCollection - Parsing relationship: /xl/worksheets/_rels/sheet1.xml.rels
[DEBUG] 2024-06-07 03:28:41.797 [main] PackageRelationshipCollection - Parsing relationship: /_rels/.rels
[INFO ] 2024-06-07 03:38:17.206 [main] DDFramework - URL Opened
[DEBUG] 2024-06-07 03:38:17.360 [main] PackageRelationshipCollection - Parsing relationship: /xl/_rels/workbook.xml.rels
[DEBUG] 2024-06-07 03:38:17.363 [main] PackageRelationshipCollection - Parsing relationship: /xl/worksheets/_rels/sheet1.xml.rels
[DEBUG] 2024-06-07 03:38:17.364 [main] PackageRelationshipCollection - Parsing relationship: /_rels/.rels
[DEBUG] 2024-06-07 03:38:17.843 [main] PackageRelationshipCollection - Parsing relationship: /xl/_rels/workbook.xml.rels
[DEBUG] 2024-06-07 03:38:17.844 [main] PackageRelationshipCollection - Parsing relationship: /xl/worksheets/_rels/sheet1.xml.rels
[DEBUG] 2024-06-07 03:38:17.845 [main] PackageRelationshipCollection - Parsing relationship: /_rels/.rels
[INFO ] 2024-06-07 03:44:29.716 [main] DDFramework - URL Opened
[DEBUG] 2024-06-07 03:44:29.861 [main] PackageRelationshipCollection - Parsing relationship: /xl/_rels/workbook.xml.rels
[DEBUG] 2024-06-07 03:44:29.864 [main] PackageRelationshipCollection - Parsing relationship: /xl/worksheets/_rels/sheet1.xml.rels
[DEBUG] 2024-06-07 03:44:29.865 [main] PackageRelationshipCollection - Parsing relationship: /_rels/.rels
[DEBUG] 2024-06-07 03:44:30.332 [main] PackageRelationshipCollection - Parsing relationship: /xl/_rels/workbook.xml.rels
[DEBUG] 2024-06-07 03:44:30.333 [main] PackageRelationshipCollection - Parsing relationship: /xl/worksheets/_rels/sheet1.xml.rels
[DEBUG] 2024-06-07 03:44:30.334 [main] PackageRelationshipCollection - Parsing relationship: /_rels/.rels
[INFO ] 2024-06-07 17:09:07.076 [main] DDFramework - URL Opened
[DEBUG] 2024-06-07 17:09:07.457 [main] PackageRelationshipCollection - Parsing relationship: /xl/_rels/workbook.xml.rels
[DEBUG] 2024-06-07 17:09:07.467 [main] PackageRelationshipCollection - Parsing relationship: /xl/worksheets/_rels/sheet1.xml.rels
[DEBUG] 2024-06-07 17:09:07.470 [main] PackageRelationshipCollection - Parsing relationship: /_rels/.rels
[DEBUG] 2024-06-07 17:09:08.612 [main] PackageRelationshipCollection - Parsing relationship: /xl/_rels/workbook.xml.rels
[DEBUG] 2024-06-07 17:09:08.619 [main] PackageRelationshipCollection - Parsing relationship: /xl/worksheets/_rels/sheet1.xml.rels
[DEBUG] 2024-06-07 17:09:08.621 [main] PackageRelationshipCollection - Parsing relationship: /_rels/.rels
[INFO ] 2024-06-07 17:11:03.324 [main] DDFramework - URL Opened
[DEBUG] 2024-06-07 17:11:03.709 [main] PackageRelationshipCollection - Parsing relationship: /xl/_rels/workbook.xml.rels
[DEBUG] 2024-06-07 17:11:03.714 [main] PackageRelationshipCollection - Parsing relationship: /xl/worksheets/_rels/sheet1.xml.rels
[DEBUG] 2024-06-07 17:11:03.717 [main] PackageRelationshipCollection - Parsing relationship: /_rels/.rels
[DEBUG] 2024-06-07 17:11:04.845 [main] PackageRelationshipCollection - Parsing relationship: /xl/_rels/workbook.xml.rels
[DEBUG] 2024-06-07 17:11:04.848 [main] PackageRelationshipCollection - Parsing relationship: /xl/worksheets/_rels/sheet1.xml.rels
[DEBUG] 2024-06-07 17:11:04.850 [main] PackageRelationshipCollection - Parsing relationship: /_rels/.rels
[INFO ] 2024-06-07 17:12:42.931 [main] DDFramework - URL Opened
[DEBUG] 2024-06-07 17:12:43.242 [main] PackageRelationshipCollection - Parsing relationship: /xl/_rels/workbook.xml.rels
[DEBUG] 2024-06-07 17:12:43.248 [main] PackageRelationshipCollection - Parsing relationship: /xl/worksheets/_rels/sheet1.xml.rels
[DEBUG] 2024-06-07 17:12:43.252 [main] PackageRelationshipCollection - Parsing relationship: /_rels/.rels
[DEBUG] 2024-06-07 17:12:44.253 [main] PackageRelationshipCollection - Parsing relationship: /xl/_rels/workbook.xml.rels
[DEBUG] 2024-06-07 17:12:44.255 [main] PackageRelationshipCollection - Parsing relationship: /xl/worksheets/_rels/sheet1.xml.rels
[DEBUG] 2024-06-07 17:12:44.257 [main] PackageRelationshipCollection - Parsing relationship: /_rels/.rels
[INFO ] 2024-06-07 17:14:06.667 [main] DDFramework - URL Opened
[DEBUG] 2024-06-07 17:14:06.989 [main] PackageRelationshipCollection - Parsing relationship: /xl/_rels/workbook.xml.rels
[DEBUG] 2024-06-07 17:14:06.999 [main] PackageRelationshipCollection - Parsing relationship: /xl/worksheets/_rels/sheet1.xml.rels
[DEBUG] 2024-06-07 17:14:07.003 [main] PackageRelationshipCollection - Parsing relationship: /_rels/.rels
[DEBUG] 2024-06-07 17:14:08.117 [main] PackageRelationshipCollection - Parsing relationship: /xl/_rels/workbook.xml.rels
[DEBUG] 2024-06-07 17:14:08.120 [main] PackageRelationshipCollection - Parsing relationship: /xl/worksheets/_rels/sheet1.xml.rels
[DEBUG] 2024-06-07 17:14:08.122 [main] PackageRelationshipCollection - Parsing relationship: /_rels/.rels
[INFO ] 2024-06-07 17:24:17.163 [main] DDFramework - URL Opened
[DEBUG] 2024-06-07 17:24:17.577 [main] PackageRelationshipCollection - Parsing relationship: /xl/_rels/workbook.xml.rels
[DEBUG] 2024-06-07 17:24:17.581 [main] PackageRelationshipCollection - Parsing relationship: /xl/worksheets/_rels/sheet1.xml.rels
[DEBUG] 2024-06-07 17:24:17.585 [main] PackageRelationshipCollection - Parsing relationship: /_rels/.rels
[DEBUG] 2024-06-07 17:24:18.720 [main] PackageRelationshipCollection - Parsing relationship: /xl/_rels/workbook.xml.rels
[DEBUG] 2024-06-07 17:24:18.724 [main] PackageRelationshipCollection - Parsing relationship: /xl/worksheets/_rels/sheet1.xml.rels
[DEBUG] 2024-06-07 17:24:18.727 [main] PackageRelationshipCollection - Parsing relationship: /_rels/.rels
[DEBUG] 2024-06-07 17:24:18.803 [main] PackageRelationshipCollection - Parsing relationship: /xl/_rels/workbook.xml.rels
[DEBUG] 2024-06-07 17:24:18.806 [main] PackageRelationshipCollection - Parsing relationship: /xl/worksheets/_rels/sheet1.xml.rels
[DEBUG] 2024-06-07 17:24:18.809 [main] PackageRelationshipCollection - Parsing relationship: /_rels/.rels
[DEBUG] 2024-06-07 17:24:18.893 [main] PackageRelationshipCollection - Parsing relationship: /xl/_rels/workbook.xml.rels
[DEBUG] 2024-06-07 17:24:18.896 [main] PackageRelationshipCollection - Parsing relationship: /xl/worksheets/_rels/sheet1.xml.rels
[DEBUG] 2024-06-07 17:24:18.899 [main] PackageRelationshipCollection - Parsing relationship: /_rels/.rels
[DEBUG] 2024-06-07 17:24:18.960 [main] PackageRelationshipCollection - Parsing relationship: /xl/_rels/workbook.xml.rels
[DEBUG] 2024-06-07 17:24:18.962 [main] PackageRelationshipCollection - Parsing relationship: /xl/worksheets/_rels/sheet1.xml.rels
[DEBUG] 2024-06-07 17:24:18.965 [main] PackageRelationshipCollection - Parsing relationship: /_rels/.rels
[DEBUG] 2024-06-07 17:24:19.018 [main] PackageRelationshipCollection - Parsing relationship: /xl/_rels/workbook.xml.rels
[DEBUG] 2024-06-07 17:24:19.020 [main] PackageRelationshipCollection - Parsing relationship: /xl/worksheets/_rels/sheet1.xml.rels
[DEBUG] 2024-06-07 17:24:19.023 [main] PackageRelationshipCollection - Parsing relationship: /_rels/.rels
[DEBUG] 2024-06-07 17:24:19.079 [main] PackageRelationshipCollection - Parsing relationship: /xl/_rels/workbook.xml.rels
[DEBUG] 2024-06-07 17:24:19.082 [main] PackageRelationshipCollection - Parsing relationship: /xl/worksheets/_rels/sheet1.xml.rels
[DEBUG] 2024-06-07 17:24:19.084 [main] PackageRelationshipCollection - Parsing relationship: /_rels/.rels
[DEBUG] 2024-06-07 17:24:19.129 [main] PackageRelationshipCollection - Parsing relationship: /xl/_rels/workbook.xml.rels
[DEBUG] 2024-06-07 17:24:19.131 [main] PackageRelationshipCollection - Parsing relationship: /xl/worksheets/_rels/sheet1.xml.rels
[DEBUG] 2024-06-07 17:24:19.133 [main] PackageRelationshipCollection - Parsing relationship: /_rels/.rels
[INFO ] 2024-06-07 17:24:19.204 [main] DDFramework - VerifyLogin test case excuetion started
[INFO ] 2024-06-07 17:24:20.631 [main] DDFramework - clicked on sign in button
[INFO ] 2024-06-07 17:24:20.743 [main] DDFramework - Entered email address
[INFO ] 2024-06-07 17:24:20.813 [main] DDFramework - Entered Password
[INFO ] 2024-06-07 17:24:21.944 [main] DDFramework - Verify login - Passed
[INFO ] 2024-06-07 17:24:32.029 [main] DDFramework - VerifyLogin test case excuetion started
[INFO ] 2024-06-07 17:35:27.813 [main] DDFramework - URL Opened
[DEBUG] 2024-06-07 17:35:28.153 [main] PackageRelationshipCollection - Parsing relationship: /xl/_rels/workbook.xml.rels
[DEBUG] 2024-06-07 17:35:28.161 [main] PackageRelationshipCollection - Parsing relationship: /xl/worksheets/_rels/sheet1.xml.rels
[DEBUG] 2024-06-07 17:35:28.165 [main] PackageRelationshipCollection - Parsing relationship: /_rels/.rels
[DEBUG] 2024-06-07 17:35:29.224 [main] PackageRelationshipCollection - Parsing relationship: /xl/_rels/workbook.xml.rels
[DEBUG] 2024-06-07 17:35:29.227 [main] PackageRelationshipCollection - Parsing relationship: /xl/worksheets/_rels/sheet1.xml.rels
[DEBUG] 2024-06-07 17:35:29.230 [main] PackageRelationshipCollection - Parsing relationship: /_rels/.rels
[DEBUG] 2024-06-07 17:35:29.296 [main] PackageRelationshipCollection - Parsing relationship: /xl/_rels/workbook.xml.rels
[DEBUG] 2024-06-07 17:35:29.299 [main] PackageRelationshipCollection - Parsing relationship: /xl/worksheets/_rels/sheet1.xml.rels
[DEBUG] 2024-06-07 17:35:29.301 [main] PackageRelationshipCollection - Parsing relationship: /_rels/.rels
[DEBUG] 2024-06-07 17:35:29.384 [main] PackageRelationshipCollection - Parsing relationship: /xl/_rels/workbook.xml.rels
[DEBUG] 2024-06-07 17:35:29.387 [main] PackageRelationshipCollection - Parsing relationship: /xl/worksheets/_rels/sheet1.xml.rels
[DEBUG] 2024-06-07 17:35:29.390 [main] PackageRelationshipCollection - Parsing relationship: /_rels/.rels
[DEBUG] 2024-06-07 17:35:29.450 [main] PackageRelationshipCollection - Parsing relationship: /xl/_rels/workbook.xml.rels
[DEBUG] 2024-06-07 17:35:29.453 [main] PackageRelationshipCollection - Parsing relationship: /xl/worksheets/_rels/sheet1.xml.rels
[DEBUG] 2024-06-07 17:35:29.455 [main] PackageRelationshipCollection - Parsing relationship: /_rels/.rels
[DEBUG] 2024-06-07 17:35:29.503 [main] PackageRelationshipCollection - Parsing relationship: /xl/_rels/workbook.xml.rels
[DEBUG] 2024-06-07 17:35:29.504 [main] PackageRelationshipCollection - Parsing relationship: /xl/worksheets/_rels/sheet1.xml.rels
[DEBUG] 2024-06-07 17:35:29.506 [main] PackageRelationshipCollection - Parsing relationship: /_rels/.rels
[DEBUG] 2024-06-07 17:35:29.553 [main] PackageRelationshipCollection - Parsing relationship: /xl/_rels/workbook.xml.rels
[DEBUG] 2024-06-07 17:35:29.555 [main] PackageRelationshipCollection - Parsing relationship: /xl/worksheets/_rels/sheet1.xml.rels
[DEBUG] 2024-06-07 17:35:29.557 [main] PackageRelationshipCollection - Parsing relationship: /_rels/.rels
[DEBUG] 2024-06-07 17:35:29.598 [main] PackageRelationshipCollection - Parsing relationship: /xl/_rels/workbook.xml.rels
[DEBUG] 2024-06-07 17:35:29.601 [main] PackageRelationshipCollection - Parsing relationship: /xl/worksheets/_rels/sheet1.xml.rels
[DEBUG] 2024-06-07 17:35:29.603 [main] PackageRelationshipCollection - Parsing relationship: /_rels/.rels
[INFO ] 2024-06-07 17:35:29.677 [main] DDFramework - VerifyLogin test case excuetion started
[INFO ] 2024-06-07 17:35:30.954 [main] DDFramework - clicked on sign in button
[INFO ] 2024-06-07 17:35:31.014 [main] DDFramework - Entered email address
[INFO ] 2024-06-07 17:35:31.040 [main] DDFramework - Entered Password
[INFO ] 2024-06-07 17:35:32.190 [main] DDFramework - Verify login - Passed
[INFO ] 2024-06-07 17:35:42.326 [main] DDFramework - VerifyLogin test case excuetion started
[INFO ] 2024-06-07 17:37:41.140 [main] DDFramework - URL Opened
[DEBUG] 2024-06-07 17:37:41.491 [main] PackageRelationshipCollection - Parsing relationship: /xl/_rels/workbook.xml.rels
[DEBUG] 2024-06-07 17:37:41.497 [main] PackageRelationshipCollection - Parsing relationship: /xl/worksheets/_rels/sheet1.xml.rels
[DEBUG] 2024-06-07 17:37:41.500 [main] PackageRelationshipCollection - Parsing relationship: /_rels/.rels
[DEBUG] 2024-06-07 17:37:42.571 [main] PackageRelationshipCollection - Parsing relationship: /xl/_rels/workbook.xml.rels
[DEBUG] 2024-06-07 17:37:42.573 [main] PackageRelationshipCollection - Parsing relationship: /xl/worksheets/_rels/sheet1.xml.rels
[DEBUG] 2024-06-07 17:37:42.576 [main] PackageRelationshipCollection - Parsing relationship: /_rels/.rels
[DEBUG] 2024-06-07 17:37:42.615 [main] PackageRelationshipCollection - Parsing relationship: /xl/_rels/workbook.xml.rels
[DEBUG] 2024-06-07 17:37:42.617 [main] PackageRelationshipCollection - Parsing relationship: /xl/worksheets/_rels/sheet1.xml.rels
[DEBUG] 2024-06-07 17:37:42.618 [main] PackageRelationshipCollection - Parsing relationship: /_rels/.rels
[DEBUG] 2024-06-07 17:37:42.674 [main] PackageRelationshipCollection - Parsing relationship: /xl/_rels/workbook.xml.rels
[DEBUG] 2024-06-07 17:37:42.676 [main] PackageRelationshipCollection - Parsing relationship: /xl/worksheets/_rels/sheet1.xml.rels
[DEBUG] 2024-06-07 17:37:42.677 [main] PackageRelationshipCollection - Parsing relationship: /_rels/.rels
[DEBUG] 2024-06-07 17:37:42.727 [main] PackageRelationshipCollection - Parsing relationship: /xl/_rels/workbook.xml.rels
[DEBUG] 2024-06-07 17:37:42.729 [main] PackageRelationshipCollection - Parsing relationship: /xl/worksheets/_rels/sheet1.xml.rels
[DEBUG] 2024-06-07 17:37:42.731 [main] PackageRelationshipCollection - Parsing relationship: /_rels/.rels
[DEBUG] 2024-06-07 17:37:42.779 [main] PackageRelationshipCollection - Parsing relationship: /xl/_rels/workbook.xml.rels
[DEBUG] 2024-06-07 17:37:42.782 [main] PackageRelationshipCollection - Parsing relationship: /xl/worksheets/_rels/sheet1.xml.rels
[DEBUG] 2024-06-07 17:37:42.785 [main] PackageRelationshipCollection - Parsing relationship: /_rels/.rels
[DEBUG] 2024-06-07 17:37:42.838 [main] PackageRelationshipCollection - Parsing relationship: /xl/_rels/workbook.xml.rels
[DEBUG] 2024-06-07 17:37:42.841 [main] PackageRelationshipCollection - Parsing relationship: /xl/worksheets/_rels/sheet1.xml.rels
[DEBUG] 2024-06-07 17:37:42.843 [main] PackageRelationshipCollection - Parsing relationship: /_rels/.rels
[DEBUG] 2024-06-07 17:37:42.889 [main] PackageRelationshipCollection - Parsing relationship: /xl/_rels/workbook.xml.rels
[DEBUG] 2024-06-07 17:37:42.891 [main] PackageRelationshipCollection - Parsing relationship: /xl/worksheets/_rels/sheet1.xml.rels
[DEBUG] 2024-06-07 17:37:42.893 [main] PackageRelationshipCollection - Parsing relationship: /_rels/.rels
[INFO ] 2024-06-07 17:37:42.969 [main] DDFramework - VerifyLogin test case excuetion started
[INFO ] 2024-06-07 17:37:44.271 [main] DDFramework - clicked on sign in button
[INFO ] 2024-06-07 17:37:44.333 [main] DDFramework - Entered email address
[INFO ] 2024-06-07 17:37:44.357 [main] DDFramework - Entered Password
[INFO ] 2024-06-07 17:37:45.499 [main] DDFramework - Verify login - Passed
[INFO ] 2024-06-07 17:37:46.951 [main] DDFramework - VerifyLogin test case excuetion started
[INFO ] 2024-06-07 17:37:47.898 [main] DDFramework - clicked on sign in button
[INFO ] 2024-06-07 17:37:47.977 [main] DDFramework - Entered email address
[INFO ] 2024-06-07 17:37:48.036 [main] DDFramework - Entered Password
[INFO ] 2024-06-07 17:42:09.517 [main] DDFramework - URL Opened
[DEBUG] 2024-06-07 17:42:09.861 [main] PackageRelationshipCollection - Parsing relationship: /xl/_rels/workbook.xml.rels
[DEBUG] 2024-06-07 17:42:09.869 [main] PackageRelationshipCollection - Parsing relationship: /xl/worksheets/_rels/sheet1.xml.rels
[DEBUG] 2024-06-07 17:42:09.873 [main] PackageRelationshipCollection - Parsing relationship: /_rels/.rels
[DEBUG] 2024-06-07 17:42:11.039 [main] PackageRelationshipCollection - Parsing relationship: /xl/_rels/workbook.xml.rels
[DEBUG] 2024-06-07 17:42:11.042 [main] PackageRelationshipCollection - Parsing relationship: /xl/worksheets/_rels/sheet1.xml.rels
[DEBUG] 2024-06-07 17:42:11.046 [main] PackageRelationshipCollection - Parsing relationship: /_rels/.rels
[DEBUG] 2024-06-07 17:42:11.120 [main] PackageRelationshipCollection - Parsing relationship: /xl/_rels/workbook.xml.rels
[DEBUG] 2024-06-07 17:42:11.123 [main] PackageRelationshipCollection - Parsing relationship: /xl/worksheets/_rels/sheet1.xml.rels
[DEBUG] 2024-06-07 17:42:11.126 [main] PackageRelationshipCollection - Parsing relationship: /_rels/.rels
[DEBUG] 2024-06-07 17:42:11.203 [main] PackageRelationshipCollection - Parsing relationship: /xl/_rels/workbook.xml.rels
[DEBUG] 2024-06-07 17:42:11.204 [main] PackageRelationshipCollection - Parsing relationship: /xl/worksheets/_rels/sheet1.xml.rels
[DEBUG] 2024-06-07 17:42:11.206 [main] PackageRelationshipCollection - Parsing relationship: /_rels/.rels
[DEBUG] 2024-06-07 17:42:11.252 [main] PackageRelationshipCollection - Parsing relationship: /xl/_rels/workbook.xml.rels
[DEBUG] 2024-06-07 17:42:11.254 [main] PackageRelationshipCollection - Parsing relationship: /xl/worksheets/_rels/sheet1.xml.rels
[DEBUG] 2024-06-07 17:42:11.257 [main] PackageRelationshipCollection - Parsing relationship: /_rels/.rels
[DEBUG] 2024-06-07 17:42:11.304 [main] PackageRelationshipCollection - Parsing relationship: /xl/_rels/workbook.xml.rels
[DEBUG] 2024-06-07 17:42:11.307 [main] PackageRelationshipCollection - Parsing relationship: /xl/worksheets/_rels/sheet1.xml.rels
[DEBUG] 2024-06-07 17:42:11.309 [main] PackageRelationshipCollection - Parsing relationship: /_rels/.rels
[DEBUG] 2024-06-07 17:42:11.359 [main] PackageRelationshipCollection - Parsing relationship: /xl/_rels/workbook.xml.rels
[DEBUG] 2024-06-07 17:42:11.361 [main] PackageRelationshipCollection - Parsing relationship: /xl/worksheets/_rels/sheet1.xml.rels
[DEBUG] 2024-06-07 17:42:11.363 [main] PackageRelationshipCollection - Parsing relationship: /_rels/.rels
[DEBUG] 2024-06-07 17:42:11.415 [main] PackageRelationshipCollection - Parsing relationship: /xl/_rels/workbook.xml.rels
[DEBUG] 2024-06-07 17:42:11.417 [main] PackageRelationshipCollection - Parsing relationship: /xl/worksheets/_rels/sheet1.xml.rels
[DEBUG] 2024-06-07 17:42:11.419 [main] PackageRelationshipCollection - Parsing relationship: /_rels/.rels
[INFO ] 2024-06-07 17:42:11.490 [main] DDFramework - VerifyLogin test case excuetion started
[INFO ] 2024-06-07 17:42:12.942 [main] DDFramework - clicked on sign in button
[INFO ] 2024-06-07 17:42:13.021 [main] DDFramework - Entered email address
[INFO ] 2024-06-07 17:42:13.047 [main] DDFramework - Entered Password
[INFO ] 2024-06-07 17:42:14.397 [main] DDFramework - Verify login - Passed
[INFO ] 2024-06-07 17:42:15.928 [main] DDFramework - VerifyLogin test case excuetion started
[INFO ] 2024-06-07 17:42:16.970 [main] DDFramework - clicked on sign in button
[INFO ] 2024-06-07 17:42:17.015 [main] DDFramework - Entered email address
[INFO ] 2024-06-07 17:42:17.050 [main] DDFramework - Entered Password
[INFO ] 2024-06-07 17:42:18.249 [main] DDFramework - Verify login - Failed
[INFO ] 2024-06-07 17:51:04.159 [main] DDFramework - URL Opened
[DEBUG] 2024-06-07 17:51:04.522 [main] PackageRelationshipCollection - Parsing relationship: /xl/_rels/workbook.xml.rels
[DEBUG] 2024-06-07 17:51:04.527 [main] PackageRelationshipCollection - Parsing relationship: /xl/worksheets/_rels/sheet1.xml.rels
[DEBUG] 2024-06-07 17:51:04.530 [main] PackageRelationshipCollection - Parsing relationship: /_rels/.rels
[DEBUG] 2024-06-07 17:51:05.661 [main] PackageRelationshipCollection - Parsing relationship: /xl/_rels/workbook.xml.rels
[DEBUG] 2024-06-07 17:51:05.662 [main] PackageRelationshipCollection - Parsing relationship: /xl/worksheets/_rels/sheet1.xml.rels
[DEBUG] 2024-06-07 17:51:05.664 [main] PackageRelationshipCollection - Parsing relationship: /_rels/.rels
[DEBUG] 2024-06-07 17:51:05.719 [main] PackageRelationshipCollection - Parsing relationship: /xl/_rels/workbook.xml.rels
[DEBUG] 2024-06-07 17:51:05.722 [main] PackageRelationshipCollection - Parsing relationship: /xl/worksheets/_rels/sheet1.xml.rels
[DEBUG] 2024-06-07 17:51:05.725 [main] PackageRelationshipCollection - Parsing relationship: /_rels/.rels
[DEBUG] 2024-06-07 17:51:05.805 [main] PackageRelationshipCollection - Parsing relationship: /xl/_rels/workbook.xml.rels
[DEBUG] 2024-06-07 17:51:05.808 [main] PackageRelationshipCollection - Parsing relationship: /xl/worksheets/_rels/sheet1.xml.rels
[DEBUG] 2024-06-07 17:51:05.809 [main] PackageRelationshipCollection - Parsing relationship: /_rels/.rels
[DEBUG] 2024-06-07 17:51:05.866 [main] PackageRelationshipCollection - Parsing relationship: /xl/_rels/workbook.xml.rels
[DEBUG] 2024-06-07 17:51:05.869 [main] PackageRelationshipCollection - Parsing relationship: /xl/worksheets/_rels/sheet1.xml.rels
[DEBUG] 2024-06-07 17:51:05.872 [main] PackageRelationshipCollection - Parsing relationship: /_rels/.rels
[DEBUG] 2024-06-07 17:51:05.916 [main] PackageRelationshipCollection - Parsing relationship: /xl/_rels/workbook.xml.rels
[DEBUG] 2024-06-07 17:51:05.918 [main] PackageRelationshipCollection - Parsing relationship: /xl/worksheets/_rels/sheet1.xml.rels
[DEBUG] 2024-06-07 17:51:05.920 [main] PackageRelationshipCollection - Parsing relationship: /_rels/.rels
[DEBUG] 2024-06-07 17:51:05.962 [main] PackageRelationshipCollection - Parsing relationship: /xl/_rels/workbook.xml.rels
[DEBUG] 2024-06-07 17:51:05.964 [main] PackageRelationshipCollection - Parsing relationship: /xl/worksheets/_rels/sheet1.xml.rels
[DEBUG] 2024-06-07 17:51:05.966 [main] PackageRelationshipCollection - Parsing relationship: /_rels/.rels
[DEBUG] 2024-06-07 17:51:06.005 [main] PackageRelationshipCollection - Parsing relationship: /xl/_rels/workbook.xml.rels
[DEBUG] 2024-06-07 17:51:06.007 [main] PackageRelationshipCollection - Parsing relationship: /xl/worksheets/_rels/sheet1.xml.rels
[DEBUG] 2024-06-07 17:51:06.009 [main] PackageRelationshipCollection - Parsing relationship: /_rels/.rels
[INFO ] 2024-06-07 17:51:06.076 [main] DDFramework - VerifyLogin test case excuetion started
[INFO ] 2024-06-07 17:51:07.467 [main] DDFramework - clicked on sign in button
[INFO ] 2024-06-07 17:51:07.524 [main] DDFramework - Entered email address
[INFO ] 2024-06-07 17:51:07.548 [main] DDFramework - Entered Password
[INFO ] 2024-06-07 17:51:08.634 [main] DDFramework - Verify login - Passed
[INFO ] 2024-06-07 17:51:10.138 [main] DDFramework - VerifyLogin test case excuetion started
[INFO ] 2024-06-07 17:51:11.007 [main] DDFramework - clicked on sign in button
[INFO ] 2024-06-07 17:51:11.056 [main] DDFramework - Entered email address
[INFO ] 2024-06-07 17:51:11.090 [main] DDFramework - Entered Password
[INFO ] 2024-06-07 17:51:12.150 [main] DDFramework - Verify login - Failed
[INFO ] 2024-06-07 18:02:23.855 [main] DDFramework - URL Opened
[DEBUG] 2024-06-07 18:02:24.275 [main] PackageRelationshipCollection - Parsing relationship: /xl/_rels/workbook.xml.rels
[DEBUG] 2024-06-07 18:02:24.281 [main] PackageRelationshipCollection - Parsing relationship: /xl/worksheets/_rels/sheet1.xml.rels
[DEBUG] 2024-06-07 18:02:24.285 [main] PackageRelationshipCollection - Parsing relationship: /_rels/.rels
[DEBUG] 2024-06-07 18:02:25.396 [main] PackageRelationshipCollection - Parsing relationship: /xl/_rels/workbook.xml.rels
[DEBUG] 2024-06-07 18:02:25.399 [main] PackageRelationshipCollection - Parsing relationship: /xl/worksheets/_rels/sheet1.xml.rels
[DEBUG] 2024-06-07 18:02:25.402 [main] PackageRelationshipCollection - Parsing relationship: /_rels/.rels
[DEBUG] 2024-06-07 18:02:25.469 [main] PackageRelationshipCollection - Parsing relationship: /xl/_rels/workbook.xml.rels
[DEBUG] 2024-06-07 18:02:25.472 [main] PackageRelationshipCollection - Parsing relationship: /xl/worksheets/_rels/sheet1.xml.rels
[DEBUG] 2024-06-07 18:02:25.474 [main] PackageRelationshipCollection - Parsing relationship: /_rels/.rels
[DEBUG] 2024-06-07 18:02:25.532 [main] PackageRelationshipCollection - Parsing relationship: /xl/_rels/workbook.xml.rels
[DEBUG] 2024-06-07 18:02:25.534 [main] PackageRelationshipCollection - Parsing relationship: /xl/worksheets/_rels/sheet1.xml.rels
[DEBUG] 2024-06-07 18:02:25.535 [main] PackageRelationshipCollection - Parsing relationship: /_rels/.rels
[DEBUG] 2024-06-07 18:02:25.584 [main] PackageRelationshipCollection - Parsing relationship: /xl/_rels/workbook.xml.rels
[DEBUG] 2024-06-07 18:02:25.587 [main] PackageRelationshipCollection - Parsing relationship: /xl/worksheets/_rels/sheet1.xml.rels
[DEBUG] 2024-06-07 18:02:25.589 [main] PackageRelationshipCollection - Parsing relationship: /_rels/.rels
[DEBUG] 2024-06-07 18:02:25.640 [main] PackageRelationshipCollection - Parsing relationship: /xl/_rels/workbook.xml.rels
[DEBUG] 2024-06-07 18:02:25.642 [main] PackageRelationshipCollection - Parsing relationship: /xl/worksheets/_rels/sheet1.xml.rels
[DEBUG] 2024-06-07 18:02:25.644 [main] PackageRelationshipCollection - Parsing relationship: /_rels/.rels
[DEBUG] 2024-06-07 18:02:25.693 [main] PackageRelationshipCollection - Parsing relationship: /xl/_rels/workbook.xml.rels
[DEBUG] 2024-06-07 18:02:25.695 [main] PackageRelationshipCollection - Parsing relationship: /xl/worksheets/_rels/sheet1.xml.rels
[DEBUG] 2024-06-07 18:02:25.696 [main] PackageRelationshipCollection - Parsing relationship: /_rels/.rels
[DEBUG] 2024-06-07 18:02:25.739 [main] PackageRelationshipCollection - Parsing relationship: /xl/_rels/workbook.xml.rels
[DEBUG] 2024-06-07 18:02:25.741 [main] PackageRelationshipCollection - Parsing relationship: /xl/worksheets/_rels/sheet1.xml.rels
[DEBUG] 2024-06-07 18:02:25.742 [main] PackageRelationshipCollection - Parsing relationship: /_rels/.rels
[INFO ] 2024-06-07 18:02:25.817 [main] DDFramework - VerifyLogin test case excuetion started
[INFO ] 2024-06-07 18:02:27.477 [main] DDFramework - clicked on sign in button
[INFO ] 2024-06-07 18:02:27.573 [main] DDFramework - Entered email address
[INFO ] 2024-06-07 18:02:27.600 [main] DDFramework - Entered Password
[INFO ] 2024-06-07 18:02:29.669 [main] DDFramework - Verify login - Passed
[INFO ] 2024-06-07 18:02:31.201 [main] DDFramework - VerifyLogin test case excuetion started
[INFO ] 2024-06-07 18:02:32.232 [main] DDFramework - clicked on sign in button
[INFO ] 2024-06-07 18:02:32.320 [main] DDFramework - Entered email address
[INFO ] 2024-06-07 18:02:32.361 [main] DDFramework - Entered Password
[INFO ] 2024-06-07 18:02:33.271 [main] DDFramework - Verify login - Failed
[INFO ] 2024-06-07 18:04:29.783 [main] DDFramework - URL Opened
[DEBUG] 2024-06-07 18:04:30.155 [main] PackageRelationshipCollection - Parsing relationship: /xl/_rels/workbook.xml.rels
[DEBUG] 2024-06-07 18:04:30.163 [main] PackageRelationshipCollection - Parsing relationship: /xl/worksheets/_rels/sheet1.xml.rels
[DEBUG] 2024-06-07 18:04:30.167 [main] PackageRelationshipCollection - Parsing relationship: /_rels/.rels
[DEBUG] 2024-06-07 18:04:31.232 [main] PackageRelationshipCollection - Parsing relationship: /xl/_rels/workbook.xml.rels
[DEBUG] 2024-06-07 18:04:31.234 [main] PackageRelationshipCollection - Parsing relationship: /xl/worksheets/_rels/sheet1.xml.rels
[DEBUG] 2024-06-07 18:04:31.236 [main] PackageRelationshipCollection - Parsing relationship: /_rels/.rels
[DEBUG] 2024-06-07 18:04:31.296 [main] PackageRelationshipCollection - Parsing relationship: /xl/_rels/workbook.xml.rels
[DEBUG] 2024-06-07 18:04:31.299 [main] PackageRelationshipCollection - Parsing relationship: /xl/worksheets/_rels/sheet1.xml.rels
[DEBUG] 2024-06-07 18:04:31.302 [main] PackageRelationshipCollection - Parsing relationship: /_rels/.rels
[DEBUG] 2024-06-07 18:04:31.384 [main] PackageRelationshipCollection - Parsing relationship: /xl/_rels/workbook.xml.rels
[DEBUG] 2024-06-07 18:04:31.386 [main] PackageRelationshipCollection - Parsing relationship: /xl/worksheets/_rels/sheet1.xml.rels
[DEBUG] 2024-06-07 18:04:31.388 [main] PackageRelationshipCollection - Parsing relationship: /_rels/.rels
[DEBUG] 2024-06-07 18:04:31.438 [main] PackageRelationshipCollection - Parsing relationship: /xl/_rels/workbook.xml.rels
[DEBUG] 2024-06-07 18:04:31.440 [main] PackageRelationshipCollection - Parsing relationship: /xl/worksheets/_rels/sheet1.xml.rels
[DEBUG] 2024-06-07 18:04:31.442 [main] PackageRelationshipCollection - Parsing relationship: /_rels/.rels
[DEBUG] 2024-06-07 18:04:31.479 [main] PackageRelationshipCollection - Parsing relationship: /xl/_rels/workbook.xml.rels
[DEBUG] 2024-06-07 18:04:31.481 [main] PackageRelationshipCollection - Parsing relationship: /xl/worksheets/_rels/sheet1.xml.rels
[DEBUG] 2024-06-07 18:04:31.483 [main] PackageRelationshipCollection - Parsing relationship: /_rels/.rels
[DEBUG] 2024-06-07 18:04:31.525 [main] PackageRelationshipCollection - Parsing relationship: /xl/_rels/workbook.xml.rels
[DEBUG] 2024-06-07 18:04:31.527 [main] PackageRelationshipCollection - Parsing relationship: /xl/worksheets/_rels/sheet1.xml.rels
[DEBUG] 2024-06-07 18:04:31.528 [main] PackageRelationshipCollection - Parsing relationship: /_rels/.rels
[DEBUG] 2024-06-07 18:04:31.569 [main] PackageRelationshipCollection - Parsing relationship: /xl/_rels/workbook.xml.rels
[DEBUG] 2024-06-07 18:04:31.571 [main] PackageRelationshipCollection - Parsing relationship: /xl/worksheets/_rels/sheet1.xml.rels
[DEBUG] 2024-06-07 18:04:31.572 [main] PackageRelationshipCollection - Parsing relationship: /_rels/.rels
[INFO ] 2024-06-07 18:04:31.657 [main] DDFramework - VerifyLogin test case excuetion started
[INFO ] 2024-06-07 18:04:33.131 [main] DDFramework - clicked on sign in button
[INFO ] 2024-06-07 18:04:33.189 [main] DDFramework - Entered email address
[INFO ] 2024-06-07 18:04:33.213 [main] DDFramework - Entered Password
[INFO ] 2024-06-07 18:04:34.318 [main] DDFramework - Verify login - Passed
[INFO ] 2024-06-07 18:04:35.822 [main] DDFramework - VerifyLogin test case excuetion started
[INFO ] 2024-06-07 18:04:36.887 [main] DDFramework - clicked on sign in button
[INFO ] 2024-06-07 18:04:37.021 [main] DDFramework - Entered email address
[INFO ] 2024-06-07 18:04:37.084 [main] DDFramework - Entered Password
[INFO ] 2024-06-07 18:04:38.319 [main] DDFramework - Verify login - Failed
[INFO ] 2024-06-07 18:06:53.932 [main] DDFramework - URL Opened
[DEBUG] 2024-06-07 18:06:54.304 [main] PackageRelationshipCollection - Parsing relationship: /xl/_rels/workbook.xml.rels
[DEBUG] 2024-06-07 18:06:54.312 [main] PackageRelationshipCollection - Parsing relationship: /xl/worksheets/_rels/sheet1.xml.rels
[DEBUG] 2024-06-07 18:06:54.316 [main] PackageRelationshipCollection - Parsing relationship: /_rels/.rels
[DEBUG] 2024-06-07 18:06:55.353 [main] PackageRelationshipCollection - Parsing relationship: /xl/_rels/workbook.xml.rels
[DEBUG] 2024-06-07 18:06:55.356 [main] PackageRelationshipCollection - Parsing relationship: /xl/worksheets/_rels/sheet1.xml.rels
[DEBUG] 2024-06-07 18:06:55.358 [main] PackageRelationshipCollection - Parsing relationship: /_rels/.rels
[DEBUG] 2024-06-07 18:06:55.431 [main] PackageRelationshipCollection - Parsing relationship: /xl/_rels/workbook.xml.rels
[DEBUG] 2024-06-07 18:06:55.434 [main] PackageRelationshipCollection - Parsing relationship: /xl/worksheets/_rels/sheet1.xml.rels
[DEBUG] 2024-06-07 18:06:55.437 [main] PackageRelationshipCollection - Parsing relationship: /_rels/.rels
[DEBUG] 2024-06-07 18:06:55.524 [main] PackageRelationshipCollection - Parsing relationship: /xl/_rels/workbook.xml.rels
[DEBUG] 2024-06-07 18:06:55.527 [main] PackageRelationshipCollection - Parsing relationship: /xl/worksheets/_rels/sheet1.xml.rels
[DEBUG] 2024-06-07 18:06:55.530 [main] PackageRelationshipCollection - Parsing relationship: /_rels/.rels
[DEBUG] 2024-06-07 18:06:55.600 [main] PackageRelationshipCollection - Parsing relationship: /xl/_rels/workbook.xml.rels
[DEBUG] 2024-06-07 18:06:55.603 [main] PackageRelationshipCollection - Parsing relationship: /xl/worksheets/_rels/sheet1.xml.rels
[DEBUG] 2024-06-07 18:06:55.604 [main] PackageRelationshipCollection - Parsing relationship: /_rels/.rels
[DEBUG] 2024-06-07 18:06:55.659 [main] PackageRelationshipCollection - Parsing relationship: /xl/_rels/workbook.xml.rels
[DEBUG] 2024-06-07 18:06:55.661 [main] PackageRelationshipCollection - Parsing relationship: /xl/worksheets/_rels/sheet1.xml.rels
[DEBUG] 2024-06-07 18:06:55.664 [main] PackageRelationshipCollection - Parsing relationship: /_rels/.rels
[DEBUG] 2024-06-07 18:06:55.717 [main] PackageRelationshipCollection - Parsing relationship: /xl/_rels/workbook.xml.rels
[DEBUG] 2024-06-07 18:06:55.719 [main] PackageRelationshipCollection - Parsing relationship: /xl/worksheets/_rels/sheet1.xml.rels
[DEBUG] 2024-06-07 18:06:55.722 [main] PackageRelationshipCollection - Parsing relationship: /_rels/.rels
[DEBUG] 2024-06-07 18:06:55.771 [main] PackageRelationshipCollection - Parsing relationship: /xl/_rels/workbook.xml.rels
[DEBUG] 2024-06-07 18:06:55.773 [main] PackageRelationshipCollection - Parsing relationship: /xl/worksheets/_rels/sheet1.xml.rels
[DEBUG] 2024-06-07 18:06:55.776 [main] PackageRelationshipCollection - Parsing relationship: /_rels/.rels
[INFO ] 2024-06-07 18:06:55.853 [main] DDFramework - VerifyLogin test case excuetion started
[INFO ] 2024-06-07 18:06:57.260 [main] DDFramework - clicked on sign in button
[INFO ] 2024-06-07 18:06:57.325 [main] DDFramework - Entered email address
[INFO ] 2024-06-07 18:06:57.348 [main] DDFramework - Entered Password
[INFO ] 2024-06-07 18:06:58.525 [main] DDFramework - Verify login - Passed
[INFO ] 2024-06-07 18:06:59.924 [main] DDFramework - VerifyLogin test case excuetion started
[INFO ] 2024-06-07 18:07:00.980 [main] DDFramework - clicked on sign in button
[INFO ] 2024-06-07 18:07:01.055 [main] DDFramework - Entered email address
[INFO ] 2024-06-07 18:07:01.097 [main] DDFramework - Entered Password
[INFO ] 2024-06-07 18:07:02.112 [main] DDFramework - Verify login - Failed
[INFO ] 2024-06-07 18:08:54.075 [main] DDFramework - URL Opened
[DEBUG] 2024-06-07 18:08:54.422 [main] PackageRelationshipCollection - Parsing relationship: /xl/_rels/workbook.xml.rels
[DEBUG] 2024-06-07 18:08:54.429 [main] PackageRelationshipCollection - Parsing relationship: /xl/worksheets/_rels/sheet1.xml.rels
[DEBUG] 2024-06-07 18:08:54.432 [main] PackageRelationshipCollection - Parsing relationship: /_rels/.rels
[DEBUG] 2024-06-07 18:08:55.490 [main] PackageRelationshipCollection - Parsing relationship: /xl/_rels/workbook.xml.rels
[DEBUG] 2024-06-07 18:08:55.494 [main] PackageRelationshipCollection - Parsing relationship: /xl/worksheets/_rels/sheet1.xml.rels
[DEBUG] 2024-06-07 18:08:55.495 [main] PackageRelationshipCollection - Parsing relationship: /_rels/.rels
[DEBUG] 2024-06-07 18:08:55.567 [main] PackageRelationshipCollection - Parsing relationship: /xl/_rels/workbook.xml.rels
[DEBUG] 2024-06-07 18:08:55.571 [main] PackageRelationshipCollection - Parsing relationship: /xl/worksheets/_rels/sheet1.xml.rels
[DEBUG] 2024-06-07 18:08:55.574 [main] PackageRelationshipCollection - Parsing relationship: /_rels/.rels
[DEBUG] 2024-06-07 18:08:55.643 [main] PackageRelationshipCollection - Parsing relationship: /xl/_rels/workbook.xml.rels
[DEBUG] 2024-06-07 18:08:55.646 [main] PackageRelationshipCollection - Parsing relationship: /xl/worksheets/_rels/sheet1.xml.rels
[DEBUG] 2024-06-07 18:08:55.648 [main] PackageRelationshipCollection - Parsing relationship: /_rels/.rels
[DEBUG] 2024-06-07 18:08:55.698 [main] PackageRelationshipCollection - Parsing relationship: /xl/_rels/workbook.xml.rels
[DEBUG] 2024-06-07 18:08:55.700 [main] PackageRelationshipCollection - Parsing relationship: /xl/worksheets/_rels/sheet1.xml.rels
[DEBUG] 2024-06-07 18:08:55.702 [main] PackageRelationshipCollection - Parsing relationship: /_rels/.rels
[DEBUG] 2024-06-07 18:08:55.746 [main] PackageRelationshipCollection - Parsing relationship: /xl/_rels/workbook.xml.rels
[DEBUG] 2024-06-07 18:08:55.748 [main] PackageRelationshipCollection - Parsing relationship: /xl/worksheets/_rels/sheet1.xml.rels
[DEBUG] 2024-06-07 18:08:55.750 [main] PackageRelationshipCollection - Parsing relationship: /_rels/.rels
[DEBUG] 2024-06-07 18:08:55.800 [main] PackageRelationshipCollection - Parsing relationship: /xl/_rels/workbook.xml.rels
[DEBUG] 2024-06-07 18:08:55.802 [main] PackageRelationshipCollection - Parsing relationship: /xl/worksheets/_rels/sheet1.xml.rels
[DEBUG] 2024-06-07 18:08:55.804 [main] PackageRelationshipCollection - Parsing relationship: /_rels/.rels
[DEBUG] 2024-06-07 18:08:55.847 [main] PackageRelationshipCollection - Parsing relationship: /xl/_rels/workbook.xml.rels
[DEBUG] 2024-06-07 18:08:55.849 [main] PackageRelationshipCollection - Parsing relationship: /xl/worksheets/_rels/sheet1.xml.rels
[DEBUG] 2024-06-07 18:08:55.851 [main] PackageRelationshipCollection - Parsing relationship: /_rels/.rels
[INFO ] 2024-06-07 18:08:55.914 [main] DDFramework - VerifyLogin test case excuetion started
[INFO ] 2024-06-07 18:08:57.446 [main] DDFramework - clicked on sign in button
[INFO ] 2024-06-07 18:08:57.510 [main] DDFramework - Entered email address
[INFO ] 2024-06-07 18:08:57.535 [main] DDFramework - Entered Password
[INFO ] 2024-06-07 18:08:58.594 [main] DDFramework - Verify login - Passed
[INFO ] 2024-06-07 18:08:59.885 [main] DDFramework - VerifyLogin test case excuetion started
[INFO ] 2024-06-07 18:09:00.865 [main] DDFramework - clicked on sign in button
[INFO ] 2024-06-07 18:09:00.947 [main] DDFramework - Entered email address
[INFO ] 2024-06-07 18:09:00.992 [main] DDFramework - Entered Password
[INFO ] 2024-06-07 18:09:02.100 [main] DDFramework - Verify login - Failed
[INFO ] 2024-06-07 22:42:26.363 [main] DDFramework - URL Opened
[DEBUG] 2024-06-07 22:42:26.826 [main] PackageRelationshipCollection - Parsing relationship: /xl/_rels/workbook.xml.rels
[DEBUG] 2024-06-07 22:42:26.833 [main] PackageRelationshipCollection - Parsing relationship: /xl/worksheets/_rels/sheet1.xml.rels
[DEBUG] 2024-06-07 22:42:26.837 [main] PackageRelationshipCollection - Parsing relationship: /_rels/.rels
[DEBUG] 2024-06-07 22:42:27.876 [main] PackageRelationshipCollection - Parsing relationship: /xl/_rels/workbook.xml.rels
[DEBUG] 2024-06-07 22:42:27.878 [main] PackageRelationshipCollection - Parsing relationship: /xl/worksheets/_rels/sheet1.xml.rels
[DEBUG] 2024-06-07 22:42:27.880 [main] PackageRelationshipCollection - Parsing relationship: /_rels/.rels
[DEBUG] 2024-06-07 22:42:27.937 [main] PackageRelationshipCollection - Parsing relationship: /xl/_rels/workbook.xml.rels
[DEBUG] 2024-06-07 22:42:27.940 [main] PackageRelationshipCollection - Parsing relationship: /xl/worksheets/_rels/sheet1.xml.rels
[DEBUG] 2024-06-07 22:42:27.943 [main] PackageRelationshipCollection - Parsing relationship: /_rels/.rels
[DEBUG] 2024-06-07 22:42:28.029 [main] PackageRelationshipCollection - Parsing relationship: /xl/_rels/workbook.xml.rels
[DEBUG] 2024-06-07 22:42:28.031 [main] PackageRelationshipCollection - Parsing relationship: /xl/worksheets/_rels/sheet1.xml.rels
[DEBUG] 2024-06-07 22:42:28.034 [main] PackageRelationshipCollection - Parsing relationship: /_rels/.rels
[DEBUG] 2024-06-07 22:42:28.091 [main] PackageRelationshipCollection - Parsing relationship: /xl/_rels/workbook.xml.rels
[DEBUG] 2024-06-07 22:42:28.093 [main] PackageRelationshipCollection - Parsing relationship: /xl/worksheets/_rels/sheet1.xml.rels
[DEBUG] 2024-06-07 22:42:28.095 [main] PackageRelationshipCollection - Parsing relationship: /_rels/.rels
[DEBUG] 2024-06-07 22:42:28.156 [main] PackageRelationshipCollection - Parsing relationship: /xl/_rels/workbook.xml.rels
[DEBUG] 2024-06-07 22:42:28.158 [main] PackageRelationshipCollection - Parsing relationship: /xl/worksheets/_rels/sheet1.xml.rels
[DEBUG] 2024-06-07 22:42:28.161 [main] PackageRelationshipCollection - Parsing relationship: /_rels/.rels
[DEBUG] 2024-06-07 22:42:28.218 [main] PackageRelationshipCollection - Parsing relationship: /xl/_rels/workbook.xml.rels
[DEBUG] 2024-06-07 22:42:28.221 [main] PackageRelationshipCollection - Parsing relationship: /xl/worksheets/_rels/sheet1.xml.rels
[DEBUG] 2024-06-07 22:42:28.222 [main] PackageRelationshipCollection - Parsing relationship: /_rels/.rels
[DEBUG] 2024-06-07 22:42:28.273 [main] PackageRelationshipCollection - Parsing relationship: /xl/_rels/workbook.xml.rels
[DEBUG] 2024-06-07 22:42:28.275 [main] PackageRelationshipCollection - Parsing relationship: /xl/worksheets/_rels/sheet1.xml.rels
[DEBUG] 2024-06-07 22:42:28.277 [main] PackageRelationshipCollection - Parsing relationship: /_rels/.rels
[INFO ] 2024-06-07 22:42:28.363 [main] DDFramework - VerifyLogin test case excuetion started
[INFO ] 2024-06-07 22:42:29.614 [main] DDFramework - clicked on sign in button
[INFO ] 2024-06-07 22:42:29.713 [main] DDFramework - Entered email address
[INFO ] 2024-06-07 22:42:29.741 [main] DDFramework - Entered Password
[INFO ] 2024-06-07 22:42:30.771 [main] DDFramework - Verify login - Passed
[INFO ] 2024-06-07 22:42:31.968 [main] DDFramework - VerifyLogin test case excuetion started
[INFO ] 2024-06-07 22:42:32.782 [main] DDFramework - clicked on sign in button
[INFO ] 2024-06-07 22:42:32.831 [main] DDFramework - Entered email address
[INFO ] 2024-06-07 22:42:32.861 [main] DDFramework - Entered Password
[INFO ] 2024-06-07 22:42:33.719 [main] DDFramework - Verify login - Passed
[INFO ] 2024-06-08 00:07:33.223 [main] DDFramework - URL Opened
[INFO ] 2024-06-08 00:07:34.370 [main] DDFramework - clicked on sign in button
[INFO ] 2024-06-08 00:07:34.428 [main] DDFramework - Entered email address
[INFO ] 2024-06-08 00:07:34.665 [main] DDFramework - clicked on sumbit
[INFO ] 2024-06-08 00:10:48.060 [main] DDFramework - URL Opened
[INFO ] 2024-06-08 00:10:49.229 [main] DDFramework - clicked on sign in button
[INFO ] 2024-06-08 00:10:49.336 [main] DDFramework - Entered email address
[INFO ] 2024-06-08 00:10:49.590 [main] DDFramework - clicked on sumbit
[INFO ] 2024-06-08 00:10:50.900 [main] DDFramework - Entered Account customer details
[INFO ] 2024-06-08 00:13:54.071 [main] DDFramework - URL Opened
[INFO ] 2024-06-08 00:13:55.383 [main] DDFramework - clicked on sign in button
[INFO ] 2024-06-08 00:13:55.494 [main] DDFramework - Entered email address
[INFO ] 2024-06-08 00:13:55.757 [main] DDFramework - clicked on sumbit
[INFO ] 2024-06-08 00:16:18.320 [main] DDFramework - URL Opened
[INFO ] 2024-06-08 00:16:19.622 [main] DDFramework - clicked on sign in button
[INFO ] 2024-06-08 00:16:19.716 [main] DDFramework - Entered email address
[INFO ] 2024-06-08 00:16:19.969 [main] DDFramework - clicked on sumbit
[INFO ] 2024-06-08 00:16:21.294 [main] DDFramework - Entered Account customer details
[INFO ] 2024-06-08 00:17:47.332 [main] DDFramework - URL Opened
[INFO ] 2024-06-08 00:17:48.540 [main] DDFramework - clicked on sign in button
[INFO ] 2024-06-08 00:17:48.657 [main] DDFramework - Entered email address
[INFO ] 2024-06-08 00:17:48.737 [main] DDFramework - clicked on sumbit
[INFO ] 2024-06-08 00:17:57.240 [main] DDFramework - Entered Account customer details
[INFO ] 2024-06-08 00:19:21.383 [main] DDFramework - URL Opened
[INFO ] 2024-06-08 00:19:22.607 [main] DDFramework - clicked on sign in button
[INFO ] 2024-06-08 00:19:22.791 [main] DDFramework - Entered email address
[INFO ] 2024-06-08 00:19:22.919 [main] DDFramework - clicked on sumbit
[INFO ] 2024-06-08 00:19:29.918 [main] DDFramework - Entered Account customer details
[INFO ] 2024-06-08 00:20:56.846 [main] DDFramework - URL Opened
[INFO ] 2024-06-08 00:20:57.936 [main] DDFramework - clicked on sign in button
[INFO ] 2024-06-08 00:20:58.080 [main] DDFramework - Entered email address
[INFO ] 2024-06-08 00:20:58.174 [main] DDFramework - clicked on sumbit
[INFO ] 2024-06-08 00:21:05.010 [main] DDFramework - Entered Account customer details
[INFO ] 2024-06-08 00:24:12.774 [main] DDFramework - URL Opened
[INFO ] 2024-06-08 00:24:14.136 [main] DDFramework - clicked on sign in button
[INFO ] 2024-06-08 00:24:14.282 [main] DDFramework - Entered email address
[INFO ] 2024-06-08 00:24:14.369 [main] DDFramework - clicked on sumbit
[INFO ] 2024-06-08 00:24:21.475 [main] DDFramework - Entered Account customer details
[INFO ] 2024-06-08 00:25:58.224 [main] DDFramework - URL Opened
[INFO ] 2024-06-08 00:25:59.313 [main] DDFramework - clicked on sign in button
[INFO ] 2024-06-08 00:25:59.422 [main] DDFramework - Entered email address
[INFO ] 2024-06-08 00:25:59.508 [main] DDFramework - clicked on sumbit
[INFO ] 2024-06-08 00:26:06.668 [main] DDFramework - Entered Account customer details
[INFO ] 2024-06-08 00:27:38.911 [main] DDFramework - URL Opened
[INFO ] 2024-06-08 00:27:40.058 [main] DDFramework - clicked on sign in button
[INFO ] 2024-06-08 00:27:40.167 [main] DDFramework - Entered email address
[INFO ] 2024-06-08 00:27:40.261 [main] DDFramework - clicked on sumbit
[INFO ] 2024-06-08 00:28:11.457 [main] DDFramework - URL Opened
[INFO ] 2024-06-08 00:28:12.677 [main] DDFramework - clicked on sign in button
[INFO ] 2024-06-08 00:28:12.868 [main] DDFramework - Entered email address
[INFO ] 2024-06-08 00:28:12.974 [main] DDFramework - clicked on sumbit
[INFO ] 2024-06-08 00:28:21.255 [main] DDFramework - Entered Account customer details
[INFO ] 2024-06-08 00:32:31.196 [main] DDFramework - URL Opened
[INFO ] 2024-06-08 00:32:32.421 [main] DDFramework - clicked on sign in button
[INFO ] 2024-06-08 00:32:32.595 [main] DDFramework - Entered email address
[INFO ] 2024-06-08 00:32:32.675 [main] DDFramework - clicked on sumbit
[INFO ] 2024-06-08 00:32:40.959 [main] DDFramework - Entered Account customer details
[INFO ] 2024-06-08 00:33:46.022 [main] DDFramework - URL Opened
[INFO ] 2024-06-08 00:33:47.330 [main] DDFramework - clicked on sign in button
[INFO ] 2024-06-08 00:33:47.457 [main] DDFramework - Entered email address
[INFO ] 2024-06-08 00:33:47.533 [main] DDFramework - clicked on sumbit
[INFO ] 2024-06-08 00:33:55.776 [main] DDFramework - Entered Account customer details
[INFO ] 2024-06-08 00:38:36.250 [main] DDFramework - URL Opened
[INFO ] 2024-06-08 00:38:37.438 [main] DDFramework - clicked on sign in button
[INFO ] 2024-06-08 00:38:37.603 [main] DDFramework - Entered email address
[INFO ] 2024-06-08 00:38:37.712 [main] DDFramework - clicked on sumbit
[INFO ] 2024-06-08 00:38:45.287 [main] DDFramework - Entered Account customer details
[INFO ] 2024-06-08 00:38:45.321 [main] DDFramework - Verify Regiter User Name
